<?xml version="1.0" encoding="UTF-8"?>
<!-- Generated by org.testng.reporters.JUnitReportReporter -->
<testsuite hostname="NETE-RTP-LPTP8" name="projectLive.Second_TestCase3" tests="1" failures="0" timestamp="27 Jun 2017 14:54:33 GMT" time="3.282" errors="0">
  <testcase name="TestCase3" time="3.282" classname="projectLive.Second_TestCase3"/>
</testsuite> <!-- projectLive.Second_TestCase3 -->
