<?xml version="1.0" encoding="UTF-8"?>
<!-- Generated by org.testng.reporters.JUnitReportReporter -->
<testsuite hostname="NETE-RTP-LPTP8" name="permitstestng.BioPermit" tests="9" failures="0" timestamp="13 Oct 2016 20:02:15 GMT" time="32.776" errors="0">
  <testcase name="ClickPIPermit" time="2.148" classname="permitstestng.BioPermit"/>
  <testcase name="AddBioPermit" time="0.176" classname="permitstestng.BioPermit"/>
  <testcase name="AddDetails" time="14.353" classname="permitstestng.BioPermit"/>
  <testcase name="SelectPI" time="4.457" classname="permitstestng.BioPermit"/>
  <testcase name="SaveBio" time="0.142" classname="permitstestng.BioPermit"/>
  <testcase name="ClickPermits" time="0.149" classname="permitstestng.BioPermit"/>
  <testcase name="ClickOnPermit" time="0.202" classname="permitstestng.BioPermit"/>
  <testcase name="AddPermitInfo" time="10.945" classname="permitstestng.BioPermit"/>
  <testcase name="ClickBioPermit" time="0.204" classname="permitstestng.BioPermit"/>
</testsuite> <!-- permitstestng.BioPermit -->
