<?xml version="1.0" encoding="UTF-8"?>
<!-- Generated by org.testng.reporters.JUnitReportReporter -->
<testsuite hostname="NETE-RTP-LPTP8" name="testng.NewTest" tests="1" failures="0" timestamp="12 Jun 2017 14:12:59 GMT" time="5.458" errors="0">
  <testcase name="f" time="5.458" classname="testng.NewTest"/>
</testsuite> <!-- testng.NewTest -->
