<?xml version="1.0" encoding="UTF-8"?>
<!-- Generated by org.testng.reporters.JUnitReportReporter -->
<testsuite hostname="NETE-RTP-LPTP8" name="projectLive.SecondProject" tests="1" failures="0" timestamp="22 Jun 2017 18:58:46 GMT" time="3.026" errors="0">
  <testcase name="TestSteps" time="3.026" classname="projectLive.SecondProject"/>
</testsuite> <!-- projectLive.SecondProject -->
