<?xml version="1.0" encoding="UTF-8"?>
<!-- Generated by org.testng.reporters.JUnitReportReporter -->
<testsuite hostname="NETE-RTP-LPTP8" name="wikitest.Test3AutoSearch" tests="1" failures="0" timestamp="5 Oct 2017 01:23:52 GMT" time="10.950" errors="0">
  <testcase name="autoSearchTest" time="10.950" classname="wikitest.Test3AutoSearch"/>
</testsuite> <!-- wikitest.Test3AutoSearch -->
