<?xml version="1.0" encoding="UTF-8"?>
<!-- Generated by org.testng.reporters.JUnitReportReporter -->
<testsuite hostname="NETE-RTP-LPTP8" name="testng.ParameterByDataProvider" tests="3" failures="0" timestamp="10 Feb 2017 14:18:58 GMT" time="3.603" errors="0">
  <testcase name="testMethod" time="1.108" classname="testng.ParameterByDataProvider"/>
  <testcase name="testMethod" time="1.123" classname="testng.ParameterByDataProvider"/>
  <testcase name="testMethod" time="1.372" classname="testng.ParameterByDataProvider"/>
</testsuite> <!-- testng.ParameterByDataProvider -->
