<?xml version="1.0" encoding="UTF-8"?>
<!-- Generated by org.testng.reporters.JUnitReportReporter -->
<testsuite hostname="NETE-RTP-LPTP8" name="projectLive.ParametersByDataProvider" tests="4" failures="0" timestamp="18 Jun 2017 19:57:21 GMT" time="5.814" errors="0">
  <testcase name="testMethod" time="0.796" classname="projectLive.ParametersByDataProvider"/>
  <testcase name="testMethod" time="0.528" classname="projectLive.ParametersByDataProvider"/>
  <testcase name="testMethod" time="3.672" classname="projectLive.ParametersByDataProvider"/>
  <testcase name="testMethod" time="0.818" classname="projectLive.ParametersByDataProvider"/>
</testsuite> <!-- projectLive.ParametersByDataProvider -->
