<?xml version="1.0" encoding="UTF-8"?>
<!-- Generated by org.testng.reporters.JUnitReportReporter -->
<testsuite hostname="NETE-RTP-LPTP8" name="IntWikipediaTests.NewTest" tests="1" failures="0" timestamp="4 Oct 2017 17:46:13 GMT" time="7.221" errors="0">
  <testcase name="hideContents" time="7.221" classname="IntWikipediaTests.NewTest"/>
</testsuite> <!-- IntWikipediaTests.NewTest -->
