<?xml version="1.0" encoding="UTF-8"?>
<!-- Generated by org.testng.reporters.JUnitReportReporter -->
<testsuite hostname="NETE-RTP-LPTP8" name="projectLive.Second_TestCase4" tests="1" failures="0" timestamp="27 Jun 2017 18:25:55 GMT" time="4.091" errors="0">
  <testcase name="TestCase4" time="4.091" classname="projectLive.Second_TestCase4"/>
</testsuite> <!-- projectLive.Second_TestCase4 -->
