<?xml version="1.0" encoding="UTF-8"?>
<!-- Generated by org.testng.reporters.JUnitReportReporter -->
<testsuite hostname="NETE-RTP-LPTP8" name="IntWikipediaTests.Test3AutoSearch" tests="1" failures="0" timestamp="4 Oct 2017 18:22:48 GMT" time="9.804" errors="0">
  <testcase name="autoSearchTest" time="9.804" classname="IntWikipediaTests.Test3AutoSearch"/>
</testsuite> <!-- IntWikipediaTests.Test3AutoSearch -->
