<?xml version="1.0" encoding="UTF-8"?>
<!-- Generated by org.testng.reporters.JUnitReportReporter -->
<testsuite hostname="NETE-RTP-LPTP8" name="projectLive.Second_TestCase5" tests="1" failures="0" timestamp="6 Jul 2017 18:58:43 GMT" time="8.343" errors="0">
  <testcase name="TestCase5" time="8.343" classname="projectLive.Second_TestCase5"/>
</testsuite> <!-- projectLive.Second_TestCase5 -->
