<?xml version="1.0" encoding="UTF-8"?>
<!-- Generated by org.testng.reporters.JUnitReportReporter -->
<testsuite hostname="NETE-RTP-LPTP8" name="wikitest.Test2HideContents" tests="1" failures="0" timestamp="5 Oct 2017 01:15:34 GMT" time="6.979" errors="0">
  <testcase name="hideContents" time="6.979" classname="wikitest.Test2HideContents"/>
</testsuite> <!-- wikitest.Test2HideContents -->
