<?xml version="1.0" encoding="UTF-8"?>
<!-- Generated by org.testng.reporters.JUnitReportReporter -->
<testsuite hostname="NETE-RTP-LPTP8" name="IntWikipediaTests.Test1SearchBar" tests="1" failures="0" timestamp="5 Oct 2017 00:55:03 GMT" time="6.698" errors="0">
  <testcase name="checkWikipagePuppies" time="6.698" classname="IntWikipediaTests.Test1SearchBar"/>
</testsuite> <!-- IntWikipediaTests.Test1SearchBar -->
