<?xml version="1.0" encoding="UTF-8"?>
<!-- Generated by org.testng.reporters.JUnitReportReporter -->
<testsuite hostname="NETE-RTP-LPTP8" name="testng.BulkExposureTest" tests="4" failures="0" timestamp="24 Mar 2017 18:43:49 GMT" time="39.422" errors="0">
  <testcase name="AddBulkExposures" time="5.223" classname="testng.BulkExposureTest"/>
  <testcase name="AddDetails" time="28.646" classname="testng.BulkExposureTest"/>
  <testcase name="Results" time="4.404" classname="testng.BulkExposureTest"/>
  <testcase name="ClickBulkExposures" time="1.149" classname="testng.BulkExposureTest"/>
</testsuite> <!-- testng.BulkExposureTest -->
