<?xml version="1.0" encoding="UTF-8"?>
<!-- Generated by org.testng.reporters.JUnitReportReporter -->
<testsuite hostname="NETE-RTP-LPTP8" name="testng.TestParameterize" tests="2" failures="0" timestamp="8 Feb 2017 15:12:37 GMT" time="10.508" errors="0">
  <testcase name="testParawithXML" time="5.717" classname="testng.TestParameterize"/>
  <testcase name="testParawithXML" time="4.791" classname="testng.TestParameterize"/>
</testsuite> <!-- testng.TestParameterize -->
