<?xml version="1.0" encoding="UTF-8"?>
<!-- Generated by org.testng.reporters.JUnitReportReporter -->
<testsuite hostname="NETE-RTP-LPTP8" name="projectLive.SampleTestNg" tests="1" failures="0" timestamp="13 Jun 2017 13:10:28 GMT" time="0.014" errors="0">
  <testcase name="f" time="0.014" classname="projectLive.SampleTestNg"/>
</testsuite> <!-- projectLive.SampleTestNg -->
